app/build/intermediates/manifest_merge_blame_file/release/manifest-merger-blame-release-report.txt
1<?xml version="1.0" encoding="utf-8"?>
2<manifest xmlns:android="http://schemas.android.com/apk/res/android"
3    package="com.eps.logistics.ytwo"
4    android:versionCode="7"
5    android:versionName="0.1" >
6
7    <uses-sdk
8        android:minSdkVersion="19"
8-->src\main\AndroidManifest.xml
9        android:targetSdkVersion="26" />
9-->src\main\AndroidManifest.xml
10
11    <uses-permission android:name="android.permission.INTERNET" />
11-->src\main\AndroidManifest.xml:6:5-67
11-->src\main\AndroidManifest.xml:6:22-64
12    <uses-permission android:name="android.permission.ACCESS_WIFI_STATE" />
12-->src\main\AndroidManifest.xml:7:5-76
12-->src\main\AndroidManifest.xml:7:22-73
13    <uses-permission android:name="android.permission.ACCESS_NETWORK_STATE" />
13-->src\main\AndroidManifest.xml:9:5-79
13-->src\main\AndroidManifest.xml:9:22-76
14    <uses-permission android:name="android.permission.BLUETOOTH" />
14-->src\main\AndroidManifest.xml:11:5-68
14-->src\main\AndroidManifest.xml:11:22-65
15    <uses-permission android:name="android.permission.BLUETOOTH_ADMIN" />
15-->src\main\AndroidManifest.xml:12:5-74
15-->src\main\AndroidManifest.xml:12:22-71
16    <uses-permission android:name="android.permission.READ_PHONE_STATE" />
16-->src\main\AndroidManifest.xml:15:5-75
16-->src\main\AndroidManifest.xml:15:22-72
17    <uses-permission android:name="android.permission.READ_LOGS" />
17-->src\main\AndroidManifest.xml:16:5-68
17-->src\main\AndroidManifest.xml:16:22-65
18    <uses-permission android:name="android.permission.WRITE_EXTERNAL_STORAGE" />
18-->src\main\AndroidManifest.xml:18:5-81
18-->src\main\AndroidManifest.xml:18:22-78
19    <uses-permission android:name="android.permission.READ_EXTERNAL_STORAGE" />
19-->src\main\AndroidManifest.xml:19:5-80
19-->src\main\AndroidManifest.xml:19:22-77
20    <uses-permission android:name="android.permission.WRITE_SETTINGS" />
20-->src\main\AndroidManifest.xml:20:5-73
20-->src\main\AndroidManifest.xml:20:22-70
21    <uses-permission android:name="android.permission.RECEIVE_BOOT_COMPLETED" />
21-->src\main\AndroidManifest.xml:21:5-81
21-->src\main\AndroidManifest.xml:21:22-78
22
23    <uses-feature
23-->src\main\AndroidManifest.xml:24:5-26:35
24        android:name="android.hardware.bluetooth_le"
24-->src\main\AndroidManifest.xml:25:9-53
25        android:required="true" />
25-->src\main\AndroidManifest.xml:26:9-32
26
27    <uses-permission android:name="android.permission.ACCESS_FINE_LOCATION" />
27-->[:mylibrary] AndroidManifest.xml:17:5-79
27-->[:mylibrary] AndroidManifest.xml:17:22-76
28    <uses-permission android:name="android.permission.ACCESS_COARSE_LOCATION" />
28-->[:mylibrary] AndroidManifest.xml:18:5-81
28-->[:mylibrary] AndroidManifest.xml:18:22-78
29    <uses-permission android:name="android.permission.MOUNT_UNMOUNT_FILESYSTEMS" />
29-->[:water:] AndroidManifest.xml:17:5-84
29-->[:water:] AndroidManifest.xml:17:22-81
30    <uses-permission android:name="android.permission.SYSTEM_ALERT_WINDOW" />
30-->[:water:] AndroidManifest.xml:19:5-78
30-->[:water:] AndroidManifest.xml:19:22-75
31    <uses-permission android:name="android.permission.SYSTEM_OVERLAY_WINDOW" />
31-->[:water:] AndroidManifest.xml:20:5-80
31-->[:water:] AndroidManifest.xml:20:22-77
32    <uses-permission android:name="android.permission.GET_TASKS" />
32-->[:water:] AndroidManifest.xml:23:5-68
32-->[:water:] AndroidManifest.xml:23:22-65
33    <uses-permission android:name="android.permission.WAKE_LOCK" />
33-->[:water:] AndroidManifest.xml:26:5-68
33-->[:water:] AndroidManifest.xml:26:22-65
34    <uses-permission android:name="android.permission.DEVICE_POWER" />
34-->[:water:] AndroidManifest.xml:27:5-29:47
34-->[:water:] AndroidManifest.xml:28:9-55
35
36    <application
36-->src\main\AndroidManifest.xml:28:5-101:19
37        android:name="com.app.base.RobotApplication"
37-->src\main\AndroidManifest.xml:29:9-53
38        android:allowBackup="true"
38-->src\main\AndroidManifest.xml:30:9-35
39        android:icon="@mipmap/ic_launcher"
39-->src\main\AndroidManifest.xml:31:9-43
40        android:label="@string/app_name"
40-->src\main\AndroidManifest.xml:32:9-41
41        android:roundIcon="@mipmap/ic_launcher_round"
41-->src\main\AndroidManifest.xml:33:9-54
42        android:supportsRtl="true"
42-->src\main\AndroidManifest.xml:34:9-35
43        android:theme="@style/AppTheme.FullScreen" >
43-->src\main\AndroidManifest.xml:35:9-51
44        <activity
44-->src\main\AndroidManifest.xml:38:9-40:47
45            android:name="com.forgpio.demo.doorMain"
45-->src\main\AndroidManifest.xml:39:13-53
46            android:launchMode="singleTask" />
46-->src\main\AndroidManifest.xml:40:13-44
47        <activity
47-->src\main\AndroidManifest.xml:41:9-43:47
48            android:name="android_serialport_api.MainActivity"
48-->src\main\AndroidManifest.xml:42:13-63
49            android:launchMode="singleTask" />
49-->src\main\AndroidManifest.xml:43:13-44
50
51        <!-- 2.0版本 -->
52        <activity
52-->src\main\AndroidManifest.xml:46:9-59:20
53            android:name="com.app.ui.activity.LoginActivity"
53-->src\main\AndroidManifest.xml:47:13-61
54            android:launchMode="singleTask"
54-->src\main\AndroidManifest.xml:48:13-44
55            android:windowSoftInputMode="stateHidden" >
55-->src\main\AndroidManifest.xml:49:13-54
56            <intent-filter>
56-->src\main\AndroidManifest.xml:50:13-53:29
57                <action android:name="android.intent.action.MAIN" />
57-->src\main\AndroidManifest.xml:51:17-69
57-->src\main\AndroidManifest.xml:51:25-66
58
59                <category android:name="android.intent.category.LAUNCHER" />
59-->src\main\AndroidManifest.xml:52:17-77
59-->src\main\AndroidManifest.xml:52:27-74
60            </intent-filter>
61            <intent-filter>
61-->src\main\AndroidManifest.xml:55:13-58:29
62                <action android:name="com.eps.action.ENTER" />
62-->src\main\AndroidManifest.xml:56:17-63
62-->src\main\AndroidManifest.xml:56:25-60
63
64                <category android:name="android.intent.category.DEFAULT" />
64-->src\main\AndroidManifest.xml:57:17-76
64-->src\main\AndroidManifest.xml:57:27-73
65            </intent-filter>
66        </activity>
67        <activity
67-->src\main\AndroidManifest.xml:60:9-69:20
68            android:name="com.app.ui.activity.HomeActivity"
68-->src\main\AndroidManifest.xml:61:13-60
69            android:launchMode="singleTask" >
69-->src\main\AndroidManifest.xml:62:13-44
70            <intent-filter>
70-->src\main\AndroidManifest.xml:63:13-65:29
71                <action android:name="android.hardware.usb.action.USB_DEVICE_ATTACHED" />
71-->src\main\AndroidManifest.xml:64:17-90
71-->src\main\AndroidManifest.xml:64:25-87
72            </intent-filter>
73
74            <meta-data
74-->src\main\AndroidManifest.xml:66:13-68:57
75                android:name="android.hardware.usb.action.USB_DEVICE_ATTACHED"
75-->src\main\AndroidManifest.xml:67:17-79
76                android:resource="@xml/device_filter" />
76-->src\main\AndroidManifest.xml:68:17-54
77        </activity>
78        <activity android:name="com.app.ui.activity.SettingActivity" />
78-->src\main\AndroidManifest.xml:70:9-72
78-->src\main\AndroidManifest.xml:70:19-69
79        <activity
79-->src\main\AndroidManifest.xml:71:9-74:20
80            android:name="com.app.ui.activity.StartActivity"
80-->src\main\AndroidManifest.xml:72:13-61
81            android:launchMode="singleTask" >
81-->src\main\AndroidManifest.xml:73:13-44
82        </activity>
83
84        <receiver android:name="com.app.base.ContentReceiver" >
84-->src\main\AndroidManifest.xml:77:9-83:20
84-->src\main\AndroidManifest.xml:77:19-62
85            <intent-filter>
85-->src\main\AndroidManifest.xml:79:13-81:29
86                <action android:name="android.intent.action.BOOT_COMPLETED" />
86-->src\main\AndroidManifest.xml:80:17-79
86-->src\main\AndroidManifest.xml:80:25-76
87            </intent-filter>
88        </receiver>
89
90        <provider
90-->src\main\AndroidManifest.xml:85:9-93:20
91            android:name="android.support.v4.content.FileProvider"
91-->src\main\AndroidManifest.xml:86:13-67
92            android:authorities="com.eps.logistics.ytwo.fileProvider"
92-->src\main\AndroidManifest.xml:87:13-70
93            android:exported="false"
93-->src\main\AndroidManifest.xml:88:13-37
94            android:grantUriPermissions="true" >
94-->src\main\AndroidManifest.xml:89:13-47
95            <meta-data
95-->src\main\AndroidManifest.xml:90:13-92:63
96                android:name="android.support.FILE_PROVIDER_PATHS"
96-->src\main\AndroidManifest.xml:91:17-67
97                android:resource="@xml/file_provider_paths" />
97-->src\main\AndroidManifest.xml:92:17-60
98        </provider>
99
100        <service
100-->src\main\AndroidManifest.xml:95:9-97:72
101            android:name="eguard.service.MyJobService"
101-->src\main\AndroidManifest.xml:96:13-55
102            android:permission="android.permission.BIND_JOB_SERVICE" />
102-->src\main\AndroidManifest.xml:97:13-69
103
104        <!-- 进程守护 end -->
105
106        <activity android:name="com.eps.device.BleScanActivity" />
106-->[:mylibrary] AndroidManifest.xml:24:9-67
106-->[:mylibrary] AndroidManifest.xml:24:19-64
107        <activity
107-->[:mylibrary] AndroidManifest.xml:25:9-27:47
108            android:name="eps.library.common.BaseSettingActivity"
108-->[:mylibrary] AndroidManifest.xml:26:13-66
109            android:launchMode="singleTask" />
109-->[:mylibrary] AndroidManifest.xml:27:13-44
110        <activity
110-->[:mylibrary] AndroidManifest.xml:28:9-30:47
111            android:name="com.eps.device.DeviceActivity"
111-->[:mylibrary] AndroidManifest.xml:29:13-57
112            android:launchMode="singleTask" />
112-->[:mylibrary] AndroidManifest.xml:30:13-44
113        <activity
113-->[:mylibrary] AndroidManifest.xml:31:9-33:47
114            android:name="com.eps.device.UpLoadPositionActivity"
114-->[:mylibrary] AndroidManifest.xml:32:13-65
115            android:launchMode="singleTask" />
115-->[:mylibrary] AndroidManifest.xml:33:13-44
116
117        <service android:name="org.eclipse.paho.android.service.MqttService" /> <!-- MqttService -->
117-->[:mylibrary] AndroidManifest.xml:35:9-80
117-->[:mylibrary] AndroidManifest.xml:35:18-77
118        <service android:name="eps.library.mqtt.MyMqttService" />
118-->[:mylibrary] AndroidManifest.xml:36:9-66
118-->[:mylibrary] AndroidManifest.xml:36:18-63
119
120        <meta-data
120-->[com.android.support:design:26.1.0] AndroidManifest.xml:26:9-28:38
121            android:name="android.support.VERSION"
121-->[com.android.support:design:26.1.0] AndroidManifest.xml:27:13-51
122            android:value="26.1.0" />
122-->[com.android.support:design:26.1.0] AndroidManifest.xml:28:13-35
123        <meta-data
123-->[android.arch.lifecycle:runtime:1.0.0] AndroidManifest.xml:25:9-27:47
124            android:name="android.arch.lifecycle.VERSION"
124-->[android.arch.lifecycle:runtime:1.0.0] AndroidManifest.xml:26:13-58
125            android:value="27.0.0-SNAPSHOT" />
125-->[android.arch.lifecycle:runtime:1.0.0] AndroidManifest.xml:27:13-44
126    </application>
127
128</manifest>